build/outputs/logs/manifest-merger-debug-report.txt
-- Merging decision tree log ---
manifest
ADDED from tag0511\99view_mg\AndroidManifest.xml:1:1-75:12
	package
		ADDED from tag0511\99view_mg\AndroidManifest.xml:2:5-29
	android:versionName
		ADDED from tag0511\99view_mg\AndroidManifest.xml:4:5-30
		INJECTED from tag0511\99view_mg\AndroidManifest.xml
		INJECTED from tag0511\99view_mg\AndroidManifest.xml
	android:versionCode
		ADDED from tag0511\99view_mg\AndroidManifest.xml:3:5-28
		INJECTED from tag0511\99view_mg\AndroidManifest.xml
		INJECTED from tag0511\99view_mg\AndroidManifest.xml
	xmlns:android
		ADDED from tag0511\99view_mg\AndroidManifest.xml:1:11-69
uses-sdk
ADDED from tag0511\99view_mg\AndroidManifest.xml:6:5-43
MERGED from [com.android.support:appcompat-v7:23.2.1] AndroidManifest.xml:21:5-23:78
MERGED from [com.android.support:animated-vector-drawable:23.2.1] AndroidManifest.xml:5:5-44
MERGED from [com.android.support:support-vector-drawable:23.2.1] AndroidManifest.xml:5:5-43
MERGED from [com.android.support:support-v4:23.2.1] AndroidManifest.xml:20:5-43
	tools:overrideLibrary
		ADDED from [com.android.support:appcompat-v7:23.2.1] AndroidManifest.xml:23:9-75
	android:targetSdkVersion
		INJECTED from tag0511\99view_mg\AndroidManifest.xml
		INJECTED from tag0511\99view_mg\AndroidManifest.xml
	android:minSdkVersion
		ADDED from tag0511\99view_mg\AndroidManifest.xml:6:15-41
		INJECTED from tag0511\99view_mg\AndroidManifest.xml
		INJECTED from tag0511\99view_mg\AndroidManifest.xml
uses-permission#android.permission.CAMERA
ADDED from tag0511\99view_mg\AndroidManifest.xml:7:2-62
	android:name
		ADDED from tag0511\99view_mg\AndroidManifest.xml:7:19-59
uses-permission#android.permission.READ_LOGS
ADDED from tag0511\99view_mg\AndroidManifest.xml:8:5-68
	android:name
		ADDED from tag0511\99view_mg\AndroidManifest.xml:8:22-65
uses-permission#android.permission.INTERNET
ADDED from tag0511\99view_mg\AndroidManifest.xml:9:5-67
	android:name
		ADDED from tag0511\99view_mg\AndroidManifest.xml:9:22-64
uses-permission#android.permission.READ_EXTERNAL_STORAGE
ADDED from tag0511\99view_mg\AndroidManifest.xml:10:5-80
	android:name
		ADDED from tag0511\99view_mg\AndroidManifest.xml:10:22-77
uses-permission#android.permission.VIBRATE
ADDED from tag0511\99view_mg\AndroidManifest.xml:11:5-66
	android:name
		ADDED from tag0511\99view_mg\AndroidManifest.xml:11:22-63
uses-permission#android.permission.WAKE_LOCK
ADDED from tag0511\99view_mg\AndroidManifest.xml:12:5-68
	android:name
		ADDED from tag0511\99view_mg\AndroidManifest.xml:12:22-65
uses-permission#android.permission.ACCESS_COARSE_LOCATION
ADDED from tag0511\99view_mg\AndroidManifest.xml:13:5-81
	android:name
		ADDED from tag0511\99view_mg\AndroidManifest.xml:13:22-78
uses-permission#android.permission.ACCESS_FINE_LOCATION
ADDED from tag0511\99view_mg\AndroidManifest.xml:14:5-79
	android:name
		ADDED from tag0511\99view_mg\AndroidManifest.xml:14:22-76
uses-permission#android.permission.ACCESS_LOCATION_EXTRA_COMMANDS
ADDED from tag0511\99view_mg\AndroidManifest.xml:15:5-89
	android:name
		ADDED from tag0511\99view_mg\AndroidManifest.xml:15:22-86
uses-permission#android.permission.MOUNT_UNMOUNT_FILESYSTEMS
ADDED from tag0511\99view_mg\AndroidManifest.xml:18:5-84
	android:name
		ADDED from tag0511\99view_mg\AndroidManifest.xml:18:22-81
uses-permission#android.permission.ACCESS_WIFI_STATE
ADDED from tag0511\99view_mg\AndroidManifest.xml:19:5-76
	android:name
		ADDED from tag0511\99view_mg\AndroidManifest.xml:19:22-73
uses-permission#android.permission.RECEIVE_SMS
ADDED from tag0511\99view_mg\AndroidManifest.xml:20:5-70
	android:name
		ADDED from tag0511\99view_mg\AndroidManifest.xml:20:22-67
uses-permission#android.permission.RECORD_AUDIO
ADDED from tag0511\99view_mg\AndroidManifest.xml:21:5-71
	android:name
		ADDED from tag0511\99view_mg\AndroidManifest.xml:21:22-68
uses-permission#android.permission.RECORD_VIDEO
ADDED from tag0511\99view_mg\AndroidManifest.xml:22:5-70
	android:name
		ADDED from tag0511\99view_mg\AndroidManifest.xml:22:22-68
uses-permission#android.permission.MODIFY_AUDIO_SETTINGS
ADDED from tag0511\99view_mg\AndroidManifest.xml:23:5-80
	android:name
		ADDED from tag0511\99view_mg\AndroidManifest.xml:23:22-77
uses-permission#android.permission.WRITE_EXTERNAL_STORAGE
ADDED from tag0511\99view_mg\AndroidManifest.xml:24:5-81
	android:name
		ADDED from tag0511\99view_mg\AndroidManifest.xml:24:22-78
uses-permission#android.permission.ACCESS_NETWORK_STATE
ADDED from tag0511\99view_mg\AndroidManifest.xml:25:5-79
	android:name
		ADDED from tag0511\99view_mg\AndroidManifest.xml:25:22-76
uses-permission#android.permission.BROADCAST_STICKY
ADDED from tag0511\99view_mg\AndroidManifest.xml:26:5-75
	android:name
		ADDED from tag0511\99view_mg\AndroidManifest.xml:26:22-72
uses-permission#android.permission.SYSTEM_ALERT_WINDOW
ADDED from tag0511\99view_mg\AndroidManifest.xml:27:5-77
	android:name
		ADDED from tag0511\99view_mg\AndroidManifest.xml:27:22-75
uses-permission#android.permission.RECEIVE_BOOT_COMPLETED
ADDED from tag0511\99view_mg\AndroidManifest.xml:28:5-81
	android:name
		ADDED from tag0511\99view_mg\AndroidManifest.xml:28:22-78
uses-permission#android.permission.STOP_APP_SWITCHES
ADDED from tag0511\99view_mg\AndroidManifest.xml:29:5-76
	android:name
		ADDED from tag0511\99view_mg\AndroidManifest.xml:29:22-73
application
ADDED from tag0511\99view_mg\AndroidManifest.xml:31:5-73:19
MERGED from [com.android.support:appcompat-v7:23.2.1] AndroidManifest.xml:25:5-20
MERGED from [com.android.support:animated-vector-drawable:23.2.1] AndroidManifest.xml:7:5-20
MERGED from [com.android.support:support-vector-drawable:23.2.1] AndroidManifest.xml:7:5-20
MERGED from [com.android.support:support-v4:23.2.1] AndroidManifest.xml:22:5-20
	android:label
		ADDED from tag0511\99view_mg\AndroidManifest.xml:33:9-41
	android:icon
		ADDED from tag0511\99view_mg\AndroidManifest.xml:32:9-49
	android:theme
		ADDED from tag0511\99view_mg\AndroidManifest.xml:34:9-46
	android:name
		ADDED from tag0511\99view_mg\AndroidManifest.xml:34:47-79
activity#com.zr.webview.MainActivity
ADDED from tag0511\99view_mg\AndroidManifest.xml:35:9-47:20
	android:screenOrientation
		ADDED from tag0511\99view_mg\AndroidManifest.xml:40:13-50
	android:hardwareAccelerated
		ADDED from tag0511\99view_mg\AndroidManifest.xml:39:13-47
	android:launchMode
		ADDED from tag0511\99view_mg\AndroidManifest.xml:36:6-36
	android:configChanges
		ADDED from tag0511\99view_mg\AndroidManifest.xml:41:13-63
	android:theme
		ADDED from tag0511\99view_mg\AndroidManifest.xml:38:13-60
	android:name
		ADDED from tag0511\99view_mg\AndroidManifest.xml:37:13-55
intent-filter#android.intent.action.MAIN+android.intent.category.DEFAULT+android.intent.category.LAUNCHER
ADDED from tag0511\99view_mg\AndroidManifest.xml:42:13-46:29
action#android.intent.action.MAIN
ADDED from tag0511\99view_mg\AndroidManifest.xml:43:17-69
	android:name
		ADDED from tag0511\99view_mg\AndroidManifest.xml:43:25-66
category#android.intent.category.LAUNCHER
ADDED from tag0511\99view_mg\AndroidManifest.xml:44:17-77
	android:name
		ADDED from tag0511\99view_mg\AndroidManifest.xml:44:27-74
category#android.intent.category.DEFAULT
ADDED from tag0511\99view_mg\AndroidManifest.xml:45:17-76
	android:name
		ADDED from tag0511\99view_mg\AndroidManifest.xml:45:27-73
activity#com.zr.webview.SelfInfoActivity
ADDED from tag0511\99view_mg\AndroidManifest.xml:48:9-52:20
	android:screenOrientation
		ADDED from tag0511\99view_mg\AndroidManifest.xml:50:13-50
	android:launchMode
		ADDED from tag0511\99view_mg\AndroidManifest.xml:49:13-43
	android:theme
		ADDED from tag0511\99view_mg\AndroidManifest.xml:51:46-93
	android:name
		ADDED from tag0511\99view_mg\AndroidManifest.xml:51:13-45
activity#com.zr.webview.MoreInfoActivity
ADDED from tag0511\99view_mg\AndroidManifest.xml:53:9-101
	android:screenOrientation
		ADDED from tag0511\99view_mg\AndroidManifest.xml:53:52-89
	android:name
		ADDED from tag0511\99view_mg\AndroidManifest.xml:53:19-51
service#com.zr.webview.debug.DebugOverlayService
ADDED from tag0511\99view_mg\AndroidManifest.xml:54:9-61
	android:name
		ADDED from tag0511\99view_mg\AndroidManifest.xml:54:18-59
service#com.zr.webview.debug.Service99view
ADDED from tag0511\99view_mg\AndroidManifest.xml:55:2-59:12
	android:name
		ADDED from tag0511\99view_mg\AndroidManifest.xml:55:11-46
intent-filter#com.zr.webview.debug.Service99view
ADDED from tag0511\99view_mg\AndroidManifest.xml:56:13-58:29
action#com.zr.webview.debug.Service99view
ADDED from tag0511\99view_mg\AndroidManifest.xml:57:17-76
	android:name
		ADDED from tag0511\99view_mg\AndroidManifest.xml:57:25-74
receiver#com.zr.webview.AlarmReceiver
ADDED from tag0511\99view_mg\AndroidManifest.xml:60:9-64:20
	android:name
		ADDED from tag0511\99view_mg\AndroidManifest.xml:60:19-48
intent-filter#com.ryantang.service.PollingService
ADDED from tag0511\99view_mg\AndroidManifest.xml:61:13-63:26
action#com.ryantang.service.PollingService
ADDED from tag0511\99view_mg\AndroidManifest.xml:62:17-78
	android:name
		ADDED from tag0511\99view_mg\AndroidManifest.xml:62:25-75
receiver#com.zr.webview.BootUpReceiver
ADDED from tag0511\99view_mg\AndroidManifest.xml:65:9-70:17
	android:enabled
		ADDED from tag0511\99view_mg\AndroidManifest.xml:65:19-41
	android:permission
		ADDED from tag0511\99view_mg\AndroidManifest.xml:65:73-135
	android:name
		ADDED from tag0511\99view_mg\AndroidManifest.xml:65:42-72
intent-filter#android.intent.action.BOOT_COMPLETED+android.intent.category.DEFAULT
ADDED from tag0511\99view_mg\AndroidManifest.xml:66:7-69:23
action#android.intent.action.BOOT_COMPLETED
ADDED from tag0511\99view_mg\AndroidManifest.xml:67:11-73
	android:name
		ADDED from tag0511\99view_mg\AndroidManifest.xml:67:19-70
receiver#com.zr.webview.HeartReceiver
ADDED from tag0511\99view_mg\AndroidManifest.xml:71:9-72:20
	android:name
		ADDED from tag0511\99view_mg\AndroidManifest.xml:71:19-48